<?xml version="1.0" encoding="UTF-8"?>
<!-- Generated by org.testng.reporters.JUnitReportReporter -->
<testsuite skipped="0" hostname="DESKTOP-1CR4BJU" name="DataDrivenProject.UshaTestAutomation.sampleTestTest" tests="1" failures="0" timestamp="21 Feb 2019 00:55:17 GMT" time="0.013" errors="0">
  <testcase name="Test" time="0.013" classname="DataDrivenProject.UshaTestAutomation.sampleTestTest"/>
</testsuite> <!-- DataDrivenProject.UshaTestAutomation.sampleTestTest -->
